<?xml version="1.0" encoding="UTF-8" ?>
<testsuite errors="0" failures="0" hostname="Dell" name="org.cashforward.persistence.PaymentCalculationTest" tests="1" time="6.734" timestamp="2008-05-13T01:29:48">
  <properties>
    <property name="default.javac.source" value="1.6" />
    <property name="file.encoding.pkg" value="sun.io" />
    <property name="libs.toplink.maven-pom" value="" />
    <property name="javac.source" value="1.5" />
    <property name="libs.CommonsLogging.classpath" value="C:\development\commons-logging-1.1.1.jar;C:\development\commons-logging-adapters-1.1.1.jar;C:\development\commons-logging-api-1.1.1.jar" />
    <property name="libs.H2.javadoc" value="" />
    <property name="netbeans.system_http_proxy" value="DIRECT" />
    <property name="java.home" value="C:\Program Files\Java\jdk1.6.0_01\jre" />
    <property name="test.src.dir" value="test" />
    <property name="libs.jaxws21.src" value="" />
    <property name="javadoc.version" value="false" />
    <property name="libs.CopyLibs.classpath" value="C:\Program Files\NetBeans 6.1\java2\ant\extra\org-netbeans-modules-java-j2seproject-copylibstask.jar" />
    <property name="libs.javac-api.src" value="" />
    <property name="java.endorsed.dirs" value="C:\Program Files\Java\jdk1.6.0_01\jre\lib\endorsed" />
    <property name="libs.MySQLDriver.classpath" value="C:\Program Files\NetBeans 6.1\ide9\modules\ext\mysql-connector-java-5.1.5-bin.jar" />
    <property name="libs.GlazedLists.classpath" value="C:\development\glazedlists-1.7.0_java15.jar" />
    <property name="libs.junit.maven-pom" value="" />
    <property name="libs.PostgreSQLDriver.src" value="" />
    <property name="libs.Groovy.classpath" value="C:\Program Files\Groovy\Groovy-1.5.4\lib\gant-1.1.0_groovy-1.5.2.jar;C:\Program Files\Groovy\Groovy-1.5.4\lib\graphicsbuilder-0.4.5-.jar;C:\Program Files\Groovy\Groovy-1.5.4\lib\graphicsbuilder-ext-jdk6-0.4.5.jar;C:\Program Files\Groovy\Groovy-1.5.4\lib\graphicsbuilder-ext-svg-0.4.5.jar;C:\Program Files\Groovy\Groovy-1.5.4\lib\graphicsbuilder-ext-swingx-0.4.5.jar;C:\Program Files\Groovy\Groovy-1.5.4\lib\groovy-1.5.4.jar;C:\Program Files\Groovy\Groovy-1.5.4\lib\groovyws-standalone-0.2.0.jar;C:\Program Files\Groovy\Groovy-1.5.4\lib\jide-oss-2.2.1.05.jar;C:\Program Files\Groovy\Groovy-1.5.4\lib\jidebuilder-1.0.jar;C:\Program Files\Groovy\Groovy-1.5.4\lib\MultipleGradientPaint.jar;C:\Program Files\Groovy\Groovy-1.5.4\lib\swing-worker.jar;C:\Program Files\Groovy\Groovy-1.5.4\lib\swingx-0.9.1.jar;C:\Program Files\Groovy\Groovy-1.5.4\lib\swingx-ws.jar;C:\Program Files\Groovy\Groovy-1.5.4\lib\swingxbuilder-0.1.5.jar;C:\Program Files\Groovy\Groovy-1.5.4\lib\TimingFramework-1.0-groovy.jar" />
    <property name="src.dir" value="src" />
    <property name="sun.java2d.noddraw" value="true" />
    <property name="libs.GlazedLists.src" value="" />
    <property name="nbplatform.default.harness.dir" value="C:\Program Files\NetBeans 6.1/harness" />
    <property name="debug-args-line" value="-Xdebug" />
    <property name="build.sysclasspath" value="ignore" />
    <property name="have.sources" value="true" />
    <property name="libs.JNA.src" value="" />
    <property name="includes" value="**" />
    <property name="source.encoding" value="UTF-8" />
    <property name="libs.jaxws21.classpath" value="C:\Program Files\NetBeans 6.1\java2\modules\ext\jaxws21\activation.jar;C:\Program Files\NetBeans 6.1\java2\modules\ext\jaxws21\FastInfoset.jar;C:\Program Files\NetBeans 6.1\java2\modules\ext\jaxws21\http.jar;C:\Program Files\NetBeans 6.1\java2\modules\ext\jaxws21\api\jaxb-api.jar;C:\Program Files\NetBeans 6.1\java2\modules\ext\jaxws21\jaxb-impl.jar;C:\Program Files\NetBeans 6.1\java2\modules\ext\jaxws21\jaxb-xjc.jar;C:\Program Files\NetBeans 6.1\java2\modules\ext\jaxws21\api\jaxws-api.jar;C:\Program Files\NetBeans 6.1\java2\modules\ext\jaxws21\jaxws-rt.jar;C:\Program Files\NetBeans 6.1\java2\modules\ext\jaxws21\jaxws-tools.jar;C:\Program Files\NetBeans 6.1\java2\modules\ext\jaxws21\api\jsr173_api.jar;C:\Program Files\NetBeans 6.1\java2\modules\ext\jaxws21\api\jsr181-api.jar;C:\Program Files\NetBeans 6.1\java2\modules\ext\jaxws21\api\jsr250-api.jar;C:\Program Files\NetBeans 6.1\java2\modules\ext\jaxws21\api\saaj-api.jar;C:\Program Files\NetBeans 6.1\java2\modules\ext\jaxws21\saaj-impl.jar;C:\Program Files\NetBeans 6.1\java2\modules\ext\jaxws21\sjsxp.jar;C:\Program Files\NetBeans 6.1\java2\modules\ext\jaxws21\stax-ex.jar;C:\Program Files\NetBeans 6.1\java2\modules\ext\jaxws21\streambuffer.jar" />
    <property name="libs.JDIC.src" value="" />
    <property name="libs.swing-app-framework.javadoc" value="C:\Program Files\NetBeans 6.1\java2\docs\appframework-1.0.3-doc.zip" />
    <property name="sun.os.patch.level" value="Service Pack 2" />
    <property name="java.vendor.url" value="http://java.sun.com/" />
    <property name="java.version" value="1.6.0_01" />
    <property name="libs.jaxb21.javadoc" value="" />
    <property name="libs.JDIC.classpath" value="C:\development\jdic-0.9.1-bin-cross-platform\jdic.jar;C:\development\jdic-0.9.1-bin-cross-platform\windows\jdic_stub.jar" />
    <property name="javac.debug" value="true" />
    <property name="org.openide.major.version" value="IDE/1" />
    <property name="run.classpath" value="C:\Program Files\H2\bin\h2.jar:C:\Documents and Settings\Bill\My Documents\My Downloads\hibernate-entitymanager-3.2.0.CR2\hibernate-entitymanager.jar;C:\Documents and Settings\Bill\My Documents\My Downloads\hibernate-entitymanager-3.2.0.CR2\lib\ejb3-persistence.jar;C:\Documents and Settings\Bill\My Documents\My Downloads\hibernate-entitymanager-3.2.0.CR2\lib\hibernate-annotations.jar;C:\Documents and Settings\Bill\My Documents\My Downloads\hibernate-entitymanager-3.2.0.CR2\lib\javassist.jar;C:\Documents and Settings\Bill\My Documents\My Downloads\hibernate-entitymanager-3.2.0.CR2\lib\jboss-archive-browsing.jar;C:\Documents and Settings\Bill\My Documents\My Downloads\hibernate-3.1.3\hibernate-3.1\hibernate3.jar;C:\Documents and Settings\Bill\My Documents\My Downloads\hibernate-3.1.3\hibernate-3.1\lib\asm-attrs.jar;C:\Documents and Settings\Bill\My Documents\My Downloads\hibernate-3.1.3\hibernate-3.1\lib\asm.jar;C:\Documents and Settings\Bill\My Documents\My Downloads\hibernate-3.1.3\hibernate-3.1\lib\c3p0-0.9.0.jar;C:\Documents and Settings\Bill\My Documents\My Downloads\hibernate-3.1.3\hibernate-3.1\lib\cglib-2.1.3.jar;C:\Documents and Settings\Bill\My Documents\My Downloads\hibernate-3.1.3\hibernate-3.1\lib\cleanimports.jar;C:\Documents and Settings\Bill\My Documents\My Downloads\hibernate-3.1.3\hibernate-3.1\lib\commons-collections-2.1.1.jar;C:\Documents and Settings\Bill\My Documents\My Downloads\hibernate-3.1.3\hibernate-3.1\lib\commons-logging-1.0.4.jar;C:\Documents and Settings\Bill\My Documents\My Downloads\hibernate-3.1.3\hibernate-3.1\lib\concurrent-1.3.2.jar;C:\Documents and Settings\Bill\My Documents\My Downloads\hibernate-3.1.3\hibernate-3.1\lib\connector.jar;C:\Documents and Settings\Bill\My Documents\My Downloads\hibernate-3.1.3\hibernate-3.1\lib\dom4j-1.6.1.jar;C:\Documents and Settings\Bill\My Documents\My Downloads\hibernate-3.1.3\hibernate-3.1\lib\ehcache-1.1.jar;C:\Documents and Settings\Bill\My Documents\My Downloads\hibernate-3.1.3\hibernate-3.1\lib\jaas.jar;C:\Documents and Settings\Bill\My Documents\My Downloads\hibernate-3.1.3\hibernate-3.1\lib\jacc-1_0-fr.jar;C:\Documents and Settings\Bill\My Documents\My Downloads\hibernate-3.1.3\hibernate-3.1\lib\jaxen-1.1-beta-7.jar;C:\Documents and Settings\Bill\My Documents\My Downloads\hibernate-3.1.3\hibernate-3.1\lib\jboss-cache.jar;C:\Documents and Settings\Bill\My Documents\My Downloads\hibernate-3.1.3\hibernate-3.1\lib\jboss-common.jar;C:\Documents and Settings\Bill\My Documents\My Downloads\hibernate-3.1.3\hibernate-3.1\lib\jboss-jmx.jar;C:\Documents and Settings\Bill\My Documents\My Downloads\hibernate-3.1.3\hibernate-3.1\lib\jboss-system.jar;C:\Documents and Settings\Bill\My Documents\My Downloads\hibernate-3.1.3\hibernate-3.1\lib\jdbc2_0-stdext.jar;C:\Documents and Settings\Bill\My Documents\My Downloads\hibernate-3.1.3\hibernate-3.1\lib\jgroups-2.2.8.jar;C:\Documents and Settings\Bill\My Documents\My Downloads\hibernate-3.1.3\hibernate-3.1\lib\jta.jar;C:\Documents and Settings\Bill\My Documents\My Downloads\hibernate-3.1.3\hibernate-3.1\lib\junit-3.8.1.jar;C:\Documents and Settings\Bill\My Documents\My Downloads\hibernate-3.1.3\hibernate-3.1\lib\log4j-1.2.11.jar;C:\Documents and Settings\Bill\My Documents\My Downloads\hibernate-3.1.3\hibernate-3.1\lib\oscache-2.1.jar;C:\Documents and Settings\Bill\My Documents\My Downloads\hibernate-3.1.3\hibernate-3.1\lib\proxool-0.8.3.jar;C:\Documents and Settings\Bill\My Documents\My Downloads\hibernate-3.1.3\hibernate-3.1\lib\swarmcache-1.0rc2.jar;C:\Documents and Settings\Bill\My Documents\My Downloads\hibernate-3.1.3\hibernate-3.1\lib\syndiag2.jar;C:\Documents and Settings\Bill\My Documents\My Downloads\hibernate-3.1.3\hibernate-3.1\lib\versioncheck.jar;C:\Documents and Settings\Bill\My Documents\My Downloads\hibernate-3.1.3\hibernate-3.1\lib\xerces-2.6.2.jar;C:\Documents and Settings\Bill\My Documents\My Downloads\hibernate-3.1.3\hibernate-3.1\lib\xml-apis.jar;C:\Documents and Settings\Bill\My Documents\My Downloads\hibernate-3.1.3\hibernate-3.1\lib\ant-antlr-1.6.5.jar;C:\Documents and Settings\Bill\My Documents\My Downloads\hibernate-3.1.3\hibernate-3.1\lib\antlr-2.7.6rc1.jar:build/classes" />
    <property name="libs.PostgreSQLDriver.maven-pom" value="" />
    <property name="java.vendor.url.bug" value="http://java.sun.com/cgi-bin/bugreport.cgi" />
    <property name="libs.TimingFramework.classpath" value="C:\development\TimingFramework-1.0.jar" />
    <property name="libs.absolutelayout.javadoc" value="" />
    <property name="libs.junit_4.maven-pom" value="" />
    <property name="netbeans.buildnumber" value="200804211638" />
    <property name="libs.H2.maven-pom" value="" />
    <property name="manifest.file" value="manifest.mf" />
    <property name="libs.swing-app-framework.maven-pom" value="" />
    <property name="user.name" value="Bill" />
    <property name="manifest.available+main.class+mkdist.available" value="true" />
    <property name="sun.io.unicode.encoding" value="UnicodeLittle" />
    <property name="sun.jnu.encoding" value="Cp1252" />
    <property name="java.runtime.name" value="Java(TM) SE Runtime Environment" />
    <property name="application.vendor" value="Bill" />
    <property name="jdk.home" value="C:\Program Files\Java\jdk1.6.0_01" />
    <property name="libs.CommonsLogging.javadoc" value="" />
    <property name="sun.awt.keepWorkingSetOnMinimize" value="true" />
    <property name="org.openide.TopManager" value="org.netbeans.core.NonGui" />
    <property name="netbeans.dirs" value="C:\Program Files\NetBeans 6.1\nb6.1;C:\Program Files\NetBeans 6.1\ide9;C:\Program Files\NetBeans 6.1\java2;C:\Program Files\NetBeans 6.1\apisupport1;C:\Program Files\NetBeans 6.1\profiler3;C:\Program Files\NetBeans 6.1\gsf1;C:\Program Files\NetBeans 6.1\harness" />
    <property name="java.specification.name" value="Java Platform API Specification" />
    <property name="javadoc.author" value="false" />
    <property name="user.timezone" value="" />
    <property name="netbeans.system_http_non_proxy_hosts" value="" />
    <property name="manifest.available" value="true" />
    <property name="libs.spring-framework.maven-pom" value="" />
    <property name="libs.swing-layout.maven-pom" value="" />
    <property name="libs.junit.javadoc" value="C:\Program Files\NetBeans 6.1\java2\docs\junit-3.8.2-api.zip" />
    <property name="org.openide.specification.version" value="6.2" />
    <property name="path.separator" value=";" />
    <property name="libs.Net2Java.maven-pom" value="" />
    <property name="version-output" value="java version &quot;1.6" />
    <property name="libs.absolutelayout.classpath" value="C:\Program Files\NetBeans 6.1\java2\modules\ext\AbsoluteLayout.jar" />
    <property name="netbeans.accept_license_class" value="org.netbeans.license.AcceptLicense" />
    <property name="file.encoding" value="Cp1252" />
    <property name="dist.javadoc.dir" value="dist/javadoc" />
    <property name="libs.HibernateEntityManager.javadoc" value="" />
    <property name="libs.Net2Java.src" value="" />
    <property name="https.nonProxyHosts" value="localhost|127.0.0.1|Dell" />
    <property name="platforms.Java_HotSpot_TM__Client_VM_1.5.0_04-b05.compiler" value="modern" />
    <property name="libs.junit.src" value="" />
    <property name="libs.jaxb21.maven-pom" value="" />
    <property name="ant.file" value="C:\development\CashForward\CashForwardPersistence\build.xml" />
    <property name="libs.junit_4.src" value="" />
    <property name="java.io.tmpdir" value="C:\DOCUME~1\Bill\LOCALS~1\Temp\" />
    <property name="build.test.results.dir" value="build/test/results" />
    <property name="user.language" value="en" />
    <property name="line.separator" value="
" />
    <property name="apple.laf.useScreenMenuBar" value="true" />
    <property name="libs.absolutelayout.src" value="" />
    <property name="javac.compilerargs" value="" />
    <property name="libs.JDIC.javadoc" value="" />
    <property name="jar.compress" value="false" />
    <property name="javac.compilerargs.jaxws" value="" />
    <property name="java.vm.info" value="mixed mode, sharing" />
    <property name="libs.javac-api.maven-pom" value="" />
    <property name="javadoc.private" value="false" />
    <property name="sun.desktop" value="windows" />
    <property name="java.vm.specification.name" value="Java Virtual Machine Specification" />
    <property name="build.test.classes.dir" value="build/test/classes" />
    <property name="libs.JNA.maven-pom" value="" />
    <property name="libs.AnimatedTransitions.maven-pom" value="" />
    <property name="jaxws.endorsed.dir" value="C:\Program Files\NetBeans 6.1\java2\modules\ext\jaxws21\api" />
    <property name="libs.MySQLDriver.javadoc" value="" />
    <property name="netbeans.dynamic.classpath" value="C:\Program Files\NetBeans 6.1\platform8\core\core.jar;C:\Program Files\NetBeans 6.1\platform8\core\org-openide-filesystems.jar;C:\Program Files\NetBeans 6.1\nb6.1\core\org-netbeans-upgrader.jar;C:\Program Files\NetBeans 6.1\nb6.1\core\locale\core_nb.jar" />
    <property name="manifest.available+main.class" value="true" />
    <property name="libs.beans-binding.javadoc" value="C:\Program Files\NetBeans 6.1\java2\docs\beansbinding-1.2.1-doc.zip" />
    <property name="platform.active" value="default_platform" />
    <property name="javac.includes.binary" value="" />
    <property name="http.nonProxyHosts" value="localhost|127.0.0.1|Dell" />
    <property name="libs.junit_4.javadoc" value="" />
    <property name="javac.includes" value="org/cashforward/persistence/PaymentCalculationTest.java" />
    <property name="libs.HibernateEntityManager.maven-pom" value="" />
    <property name="libs.spring-framework.src" value="" />
    <property name="libs.beans-binding.maven-pom" value="" />
    <property name="javadoc.encoding" value="UTF-8" />
    <property name="java.awt.printerjob" value="sun.awt.windows.WPrinterJob" />
    <property name="dist.jar" value="dist/CashForwardPersistence.jar" />
    <property name="meta.inf.dir" value="src/META-INF" />
    <property name="libs.JFreeChart.classpath" value="C:\development\jfreechart-1.0.6\lib\gnujaxp.jar;C:\development\jfreechart-1.0.6\lib\itext-2.0.2.jar;C:\development\jfreechart-1.0.6\lib\jcommon-1.0.10.jar;C:\development\jfreechart-1.0.6\lib\jfreechart-1.0.6.jar;C:\development\jfreechart-1.0.6\lib\servlet.jar;C:\development\orson-0.5.0\orson-0.5.0.jar" />
    <property name="ant.version" value="Apache Ant version 1.7.0 compiled on December 13 2006" />
    <property name="netbeans.home" value="C:\Program Files\NetBeans 6.1\platform8" />
    <property name="javadoc.nonavbar" value="false" />
    <property name="user.properties.file" value="C:\Documents and Settings\Bill\.netbeans\6.1\build.properties" />
    <property name="libs.toplink.classpath" value="C:\Program Files\NetBeans 6.1\java2\modules\ext\toplink\toplink-essentials.jar;C:\Program Files\NetBeans 6.1\java2\modules\ext\toplink\toplink-essentials-agent.jar" />
    <property name="netbeans.importclass" value="org.netbeans.upgrade.AutoUpgrade" />
    <property name="libs.spring-framework.javadoc" value="" />
    <property name="libs.CopyLibs.maven-pom" value="" />
    <property name="build.generated.dir" value="build/generated" />
    <property name="netbeans.home+have.tests" value="true" />
    <property name="os.name" value="Windows XP" />
    <property name="libs.GlazedLists.maven-pom" value="" />
    <property name="java.specification.vendor" value="Sun Microsystems Inc." />
    <property name="libs.AnimatedTransitions.javadoc" value="" />
    <property name="run.test.classpath" value="C:\Program Files\H2\bin\h2.jar:C:\Documents and Settings\Bill\My Documents\My Downloads\hibernate-entitymanager-3.2.0.CR2\hibernate-entitymanager.jar;C:\Documents and Settings\Bill\My Documents\My Downloads\hibernate-entitymanager-3.2.0.CR2\lib\ejb3-persistence.jar;C:\Documents and Settings\Bill\My Documents\My Downloads\hibernate-entitymanager-3.2.0.CR2\lib\hibernate-annotations.jar;C:\Documents and Settings\Bill\My Documents\My Downloads\hibernate-entitymanager-3.2.0.CR2\lib\javassist.jar;C:\Documents and Settings\Bill\My Documents\My Downloads\hibernate-entitymanager-3.2.0.CR2\lib\jboss-archive-browsing.jar;C:\Documents and Settings\Bill\My Documents\My Downloads\hibernate-3.1.3\hibernate-3.1\hibernate3.jar;C:\Documents and Settings\Bill\My Documents\My Downloads\hibernate-3.1.3\hibernate-3.1\lib\asm-attrs.jar;C:\Documents and Settings\Bill\My Documents\My Downloads\hibernate-3.1.3\hibernate-3.1\lib\asm.jar;C:\Documents and Settings\Bill\My Documents\My Downloads\hibernate-3.1.3\hibernate-3.1\lib\c3p0-0.9.0.jar;C:\Documents and Settings\Bill\My Documents\My Downloads\hibernate-3.1.3\hibernate-3.1\lib\cglib-2.1.3.jar;C:\Documents and Settings\Bill\My Documents\My Downloads\hibernate-3.1.3\hibernate-3.1\lib\cleanimports.jar;C:\Documents and Settings\Bill\My Documents\My Downloads\hibernate-3.1.3\hibernate-3.1\lib\commons-collections-2.1.1.jar;C:\Documents and Settings\Bill\My Documents\My Downloads\hibernate-3.1.3\hibernate-3.1\lib\commons-logging-1.0.4.jar;C:\Documents and Settings\Bill\My Documents\My Downloads\hibernate-3.1.3\hibernate-3.1\lib\concurrent-1.3.2.jar;C:\Documents and Settings\Bill\My Documents\My Downloads\hibernate-3.1.3\hibernate-3.1\lib\connector.jar;C:\Documents and Settings\Bill\My Documents\My Downloads\hibernate-3.1.3\hibernate-3.1\lib\dom4j-1.6.1.jar;C:\Documents and Settings\Bill\My Documents\My Downloads\hibernate-3.1.3\hibernate-3.1\lib\ehcache-1.1.jar;C:\Documents and Settings\Bill\My Documents\My Downloads\hibernate-3.1.3\hibernate-3.1\lib\jaas.jar;C:\Documents and Settings\Bill\My Documents\My Downloads\hibernate-3.1.3\hibernate-3.1\lib\jacc-1_0-fr.jar;C:\Documents and Settings\Bill\My Documents\My Downloads\hibernate-3.1.3\hibernate-3.1\lib\jaxen-1.1-beta-7.jar;C:\Documents and Settings\Bill\My Documents\My Downloads\hibernate-3.1.3\hibernate-3.1\lib\jboss-cache.jar;C:\Documents and Settings\Bill\My Documents\My Downloads\hibernate-3.1.3\hibernate-3.1\lib\jboss-common.jar;C:\Documents and Settings\Bill\My Documents\My Downloads\hibernate-3.1.3\hibernate-3.1\lib\jboss-jmx.jar;C:\Documents and Settings\Bill\My Documents\My Downloads\hibernate-3.1.3\hibernate-3.1\lib\jboss-system.jar;C:\Documents and Settings\Bill\My Documents\My Downloads\hibernate-3.1.3\hibernate-3.1\lib\jdbc2_0-stdext.jar;C:\Documents and Settings\Bill\My Documents\My Downloads\hibernate-3.1.3\hibernate-3.1\lib\jgroups-2.2.8.jar;C:\Documents and Settings\Bill\My Documents\My Downloads\hibernate-3.1.3\hibernate-3.1\lib\jta.jar;C:\Documents and Settings\Bill\My Documents\My Downloads\hibernate-3.1.3\hibernate-3.1\lib\junit-3.8.1.jar;C:\Documents and Settings\Bill\My Documents\My Downloads\hibernate-3.1.3\hibernate-3.1\lib\log4j-1.2.11.jar;C:\Documents and Settings\Bill\My Documents\My Downloads\hibernate-3.1.3\hibernate-3.1\lib\oscache-2.1.jar;C:\Documents and Settings\Bill\My Documents\My Downloads\hibernate-3.1.3\hibernate-3.1\lib\proxool-0.8.3.jar;C:\Documents and Settings\Bill\My Documents\My Downloads\hibernate-3.1.3\hibernate-3.1\lib\swarmcache-1.0rc2.jar;C:\Documents and Settings\Bill\My Documents\My Downloads\hibernate-3.1.3\hibernate-3.1\lib\syndiag2.jar;C:\Documents and Settings\Bill\My Documents\My Downloads\hibernate-3.1.3\hibernate-3.1\lib\versioncheck.jar;C:\Documents and Settings\Bill\My Documents\My Downloads\hibernate-3.1.3\hibernate-3.1\lib\xerces-2.6.2.jar;C:\Documents and Settings\Bill\My Documents\My Downloads\hibernate-3.1.3\hibernate-3.1\lib\xml-apis.jar;C:\Documents and Settings\Bill\My Documents\My Downloads\hibernate-3.1.3\hibernate-3.1\lib\ant-antlr-1.6.5.jar;C:\Documents and Settings\Bill\My Documents\My Downloads\hibernate-3.1.3\hibernate-3.1\lib\antlr-2.7.6rc1.jar:build/classes:C:\Program Files\NetBeans 6.1\java2\modules\ext\junit-4.1.jar:build/test/classes" />
    <property name="ant.file.CashForwardPersistence" value="C:\development\CashForward\CashForwardPersistence\build.xml" />
    <property name="java.vm.name" value="Java HotSpot(TM) Client VM" />
    <property name="libs.CopyLibs.src" value="" />
    <property name="libs.jaxb21.src" value="" />
    <property name="org.openide.version" value="deprecated" />
    <property name="libs.junit.classpath" value="C:\Program Files\NetBeans 6.1\java2\modules\ext\junit-3.8.2.jar" />
    <property name="libs.beans-binding.src" value="" />
    <property name="java.library.path" value="C:\Program Files\Java\jdk1.6.0_01\jre\bin;.;C:\WINDOWS\Sun\Java\bin;C:\WINDOWS\system32;C:\WINDOWS;C:\MinGW\bin;C:\Program Files\PC Connectivity Solution\;c:\cygwin\bin;C:\Program Files\Java\jdk1.5.0_04\bin;C:\apache-ant-1.6.5\bin;C:\WINDOWS\system32;C:\WINDOWS;C:\WINDOWS\System32\Wbem;C:\Program Files\ATI Technologies\ATI Control Panel;C:\Program Files\Microsoft SQL Server\80\Tools\Binn\;;C:\Program Files\Subversion\bin;C:\Program Files\Common Files\GTK\2.0\bin;C:\development\jdic-20060613-bin-cross-platform\windows\x86;C:\development\jna;C:\Program Files\Subversion\bin;C:\Program Files\Common Files\Ulead Systems\MPEG;C:\Program Files\Java\jdk1.5.0_04\include;C:\Program Files\Java\jdk1.5.0_04\include\win32;C:\Program Files\Groovy\Groovy-1.5.4\bin;C:\Program Files\QuickTime\QTSystem\;C:\Program Files\Subversion" />
    <property name="libs.CommonsLogging.maven-pom" value="" />
    <property name="libs.PostgreSQLDriver.javadoc" value="" />
    <property name="libs.toplink.javadoc" value="" />
    <property name="ant.java.version" value="1.6" />
    <property name="platforms.Java_HotSpot_TM__Client_VM_1.5.0_04-b05.home" value="C:\Program Files\Java\jdk1.5.0_04" />
    <property name="javadoc.noindex" value="false" />
    <property name="basedir" value="C:\development\CashForward\CashForwardPersistence" />
    <property name="java.class.version" value="50.0" />
    <property name="sun.awt.exception.handler" value="org.netbeans.core.startup.TopLogging$AWTHandler" />
    <property name="libs.JDIC.maven-pom" value="" />
    <property name="javac.test.classpath" value="C:\Program Files\H2\bin\h2.jar:C:\Documents and Settings\Bill\My Documents\My Downloads\hibernate-entitymanager-3.2.0.CR2\hibernate-entitymanager.jar;C:\Documents and Settings\Bill\My Documents\My Downloads\hibernate-entitymanager-3.2.0.CR2\lib\ejb3-persistence.jar;C:\Documents and Settings\Bill\My Documents\My Downloads\hibernate-entitymanager-3.2.0.CR2\lib\hibernate-annotations.jar;C:\Documents and Settings\Bill\My Documents\My Downloads\hibernate-entitymanager-3.2.0.CR2\lib\javassist.jar;C:\Documents and Settings\Bill\My Documents\My Downloads\hibernate-entitymanager-3.2.0.CR2\lib\jboss-archive-browsing.jar;C:\Documents and Settings\Bill\My Documents\My Downloads\hibernate-3.1.3\hibernate-3.1\hibernate3.jar;C:\Documents and Settings\Bill\My Documents\My Downloads\hibernate-3.1.3\hibernate-3.1\lib\asm-attrs.jar;C:\Documents and Settings\Bill\My Documents\My Downloads\hibernate-3.1.3\hibernate-3.1\lib\asm.jar;C:\Documents and Settings\Bill\My Documents\My Downloads\hibernate-3.1.3\hibernate-3.1\lib\c3p0-0.9.0.jar;C:\Documents and Settings\Bill\My Documents\My Downloads\hibernate-3.1.3\hibernate-3.1\lib\cglib-2.1.3.jar;C:\Documents and Settings\Bill\My Documents\My Downloads\hibernate-3.1.3\hibernate-3.1\lib\cleanimports.jar;C:\Documents and Settings\Bill\My Documents\My Downloads\hibernate-3.1.3\hibernate-3.1\lib\commons-collections-2.1.1.jar;C:\Documents and Settings\Bill\My Documents\My Downloads\hibernate-3.1.3\hibernate-3.1\lib\commons-logging-1.0.4.jar;C:\Documents and Settings\Bill\My Documents\My Downloads\hibernate-3.1.3\hibernate-3.1\lib\concurrent-1.3.2.jar;C:\Documents and Settings\Bill\My Documents\My Downloads\hibernate-3.1.3\hibernate-3.1\lib\connector.jar;C:\Documents and Settings\Bill\My Documents\My Downloads\hibernate-3.1.3\hibernate-3.1\lib\dom4j-1.6.1.jar;C:\Documents and Settings\Bill\My Documents\My Downloads\hibernate-3.1.3\hibernate-3.1\lib\ehcache-1.1.jar;C:\Documents and Settings\Bill\My Documents\My Downloads\hibernate-3.1.3\hibernate-3.1\lib\jaas.jar;C:\Documents and Settings\Bill\My Documents\My Downloads\hibernate-3.1.3\hibernate-3.1\lib\jacc-1_0-fr.jar;C:\Documents and Settings\Bill\My Documents\My Downloads\hibernate-3.1.3\hibernate-3.1\lib\jaxen-1.1-beta-7.jar;C:\Documents and Settings\Bill\My Documents\My Downloads\hibernate-3.1.3\hibernate-3.1\lib\jboss-cache.jar;C:\Documents and Settings\Bill\My Documents\My Downloads\hibernate-3.1.3\hibernate-3.1\lib\jboss-common.jar;C:\Documents and Settings\Bill\My Documents\My Downloads\hibernate-3.1.3\hibernate-3.1\lib\jboss-jmx.jar;C:\Documents and Settings\Bill\My Documents\My Downloads\hibernate-3.1.3\hibernate-3.1\lib\jboss-system.jar;C:\Documents and Settings\Bill\My Documents\My Downloads\hibernate-3.1.3\hibernate-3.1\lib\jdbc2_0-stdext.jar;C:\Documents and Settings\Bill\My Documents\My Downloads\hibernate-3.1.3\hibernate-3.1\lib\jgroups-2.2.8.jar;C:\Documents and Settings\Bill\My Documents\My Downloads\hibernate-3.1.3\hibernate-3.1\lib\jta.jar;C:\Documents and Settings\Bill\My Documents\My Downloads\hibernate-3.1.3\hibernate-3.1\lib\junit-3.8.1.jar;C:\Documents and Settings\Bill\My Documents\My Downloads\hibernate-3.1.3\hibernate-3.1\lib\log4j-1.2.11.jar;C:\Documents and Settings\Bill\My Documents\My Downloads\hibernate-3.1.3\hibernate-3.1\lib\oscache-2.1.jar;C:\Documents and Settings\Bill\My Documents\My Downloads\hibernate-3.1.3\hibernate-3.1\lib\proxool-0.8.3.jar;C:\Documents and Settings\Bill\My Documents\My Downloads\hibernate-3.1.3\hibernate-3.1\lib\swarmcache-1.0rc2.jar;C:\Documents and Settings\Bill\My Documents\My Downloads\hibernate-3.1.3\hibernate-3.1\lib\syndiag2.jar;C:\Documents and Settings\Bill\My Documents\My Downloads\hibernate-3.1.3\hibernate-3.1\lib\versioncheck.jar;C:\Documents and Settings\Bill\My Documents\My Downloads\hibernate-3.1.3\hibernate-3.1\lib\xerces-2.6.2.jar;C:\Documents and Settings\Bill\My Documents\My Downloads\hibernate-3.1.3\hibernate-3.1\lib\xml-apis.jar;C:\Documents and Settings\Bill\My Documents\My Downloads\hibernate-3.1.3\hibernate-3.1\lib\ant-antlr-1.6.5.jar;C:\Documents and Settings\Bill\My Documents\My Downloads\hibernate-3.1.3\hibernate-3.1\lib\antlr-2.7.6rc1.jar:build/classes:C:\Program Files\NetBeans 6.1\java2\modules\ext\junit-4.1.jar" />
    <property name="libs.AnimatedTransitions.src" value="" />
    <property name="ant.home" value="C:\Program Files\NetBeans 6.1\java2\ant" />
    <property name="javadoc.splitindex" value="true" />
    <property name="libs.JFreeChart.src" value="" />
    <property name="libs.toplink.src" value="" />
    <property name="libs.TimingFramework.javadoc" value="" />
    <property name="libs.javac-api.javadoc" value="" />
    <property name="javadoc.preview" value="true" />
    <property name="libs.MySQLDriver.maven-pom" value="" />
    <property name="libs.CopyLibs.javadoc" value="" />
    <property name="libs.Groovy.maven-pom" value="" />
    <property name="libs.PostgreSQLDriver.classpath" value="C:\Program Files\NetBeans 6.1\ide9\modules\ext\postgresql-8.3-603.jdbc3.jar" />
    <property name="libs.JNA.javadoc" value="" />
    <property name="libs.jaxws21.maven-pom" value="" />
    <property name="libs.junit_4.classpath" value="C:\Program Files\NetBeans 6.1\java2\modules\ext\junit-4.1.jar" />
    <property name="libs.H2.classpath" value="C:\Program Files\H2\bin\h2.jar" />
    <property name="build.dir" value="build" />
    <property name="sun.boot.library.path" value="C:\Program Files\Java\jdk1.6.0_01\jre\bin" />
    <property name="application.title" value="CashFXPersistence" />
    <property name="sun.management.compiler" value="HotSpot Client Compiler" />
    <property name="ant.file.CashForwardPersistence-impl" value="C:\development\CashForward\CashForwardPersistence\nbproject\build-impl.xml" />
    <property name="libs.swing-app-framework.classpath" value="C:\Program Files\NetBeans 6.1\java2\modules\ext\appframework-1.0.3.jar;C:\Program Files\NetBeans 6.1\java2\modules\ext\swing-worker-1.1.jar" />
    <property name="user.variant" value="" />
    <property name="java.awt.graphicsenv" value="sun.awt.Win32GraphicsEnvironment" />
    <property name="javadoc.encoding.used" value="UTF-8" />
    <property name="javadoc.windowtitle" value="" />
    <property name="libs.TimingFramework.src" value="" />
    <property name="libs.TimingFramework.maven-pom" value="" />
    <property name="run.jvmargs" value="" />
    <property name="build.compiler.emacs" value="true" />
    <property name="libs.H2.src" value="" />
    <property name="ant.project.name" value="CashForwardPersistence" />
    <property name="libs.spring-framework.classpath" value="C:\Program Files\NetBeans 6.1\java2\modules\ext\spring\commons-logging-1.1.jar;C:\Program Files\NetBeans 6.1\java2\modules\ext\spring\spring-2.5.jar" />
    <property name="libs.swing-layout.classpath" value="C:\Program Files\NetBeans 6.1\platform8\modules\ext\swing-layout-1.0.3.jar" />
    <property name="java.vm.specification.version" value="1.0" />
    <property name="libs.Net2Java.classpath" value="C:\development\d2xx\dnj_translation" />
    <property name="work.dir" value="C:\development\CashForward\CashForwardPersistence" />
    <property name="awt.toolkit" value="sun.awt.windows.WToolkit" />
    <property name="javadoc.use" value="true" />
    <property name="sun.cpu.isalist" value="pentium_pro+mmx pentium_pro pentium+mmx pentium i486 i386 i86" />
    <property name="java.ext.dirs" value="C:\Program Files\Java\jdk1.6.0_01\jre\lib\ext;C:\WINDOWS\Sun\Java\lib\ext" />
    <property name="os.version" value="5.1" />
    <property name="excludes" value="" />
    <property name="user.home" value="C:\Documents and Settings\Bill" />
    <property name="org.xml.sax.driver" value="com.sun.org.apache.xerces.internal.jaxp.SAXParserImpl$JAXPSAXParser" />
    <property name="libs.jaxb21.classpath" value="C:\Program Files\NetBeans 6.1\java2\modules\ext\jaxws21\activation.jar;C:\Program Files\NetBeans 6.1\java2\modules\ext\jaxws21\api\jaxb-api.jar;C:\Program Files\NetBeans 6.1\java2\modules\ext\jaxws21\jaxb-impl.jar;C:\Program Files\NetBeans 6.1\java2\modules\ext\jaxws21\jaxb-xjc.jar;C:\Program Files\NetBeans 6.1\java2\modules\ext\jaxws21\api\jsr173_api.jar" />
    <property name="java.vm.vendor" value="Sun Microsystems Inc." />
    <property name="javax.xml.parsers.DocumentBuilderFactory" value="org.netbeans.core.startup.DOMFactoryImpl" />
    <property name="libs.absolutelayout.maven-pom" value="" />
    <property name="user.dir" value="C:\development\CashForward\CashForwardPersistence" />
    <property name="org.openide.TopManager.GUI" value="true" />
    <property name="libs.Groovy.src" value="" />
    <property name="libs.Net2Java.javadoc" value="" />
    <property name="application.args" value="" />
    <property name="libs.GlazedLists.javadoc" value="" />
    <property name="sun.cpu.endian" value="little" />
    <property name="java.vm.version" value="1.6.0_01-b06" />
    <property name="libs.MySQLDriver.src" value="" />
    <property name="java.class.path" value="C:\Program Files\H2\bin\h2.jar;C:\Documents and Settings\Bill\My Documents\My Downloads\hibernate-entitymanager-3.2.0.CR2\hibernate-entitymanager.jar;C:\Documents and Settings\Bill\My Documents\My Downloads\hibernate-entitymanager-3.2.0.CR2\lib\ejb3-persistence.jar;C:\Documents and Settings\Bill\My Documents\My Downloads\hibernate-entitymanager-3.2.0.CR2\lib\hibernate-annotations.jar;C:\Documents and Settings\Bill\My Documents\My Downloads\hibernate-entitymanager-3.2.0.CR2\lib\javassist.jar;C:\Documents and Settings\Bill\My Documents\My Downloads\hibernate-entitymanager-3.2.0.CR2\lib\jboss-archive-browsing.jar;C:\Documents and Settings\Bill\My Documents\My Downloads\hibernate-3.1.3\hibernate-3.1\hibernate3.jar;C:\Documents and Settings\Bill\My Documents\My Downloads\hibernate-3.1.3\hibernate-3.1\lib\asm-attrs.jar;C:\Documents and Settings\Bill\My Documents\My Downloads\hibernate-3.1.3\hibernate-3.1\lib\asm.jar;C:\Documents and Settings\Bill\My Documents\My Downloads\hibernate-3.1.3\hibernate-3.1\lib\c3p0-0.9.0.jar;C:\Documents and Settings\Bill\My Documents\My Downloads\hibernate-3.1.3\hibernate-3.1\lib\cglib-2.1.3.jar;C:\Documents and Settings\Bill\My Documents\My Downloads\hibernate-3.1.3\hibernate-3.1\lib\cleanimports.jar;C:\Documents and Settings\Bill\My Documents\My Downloads\hibernate-3.1.3\hibernate-3.1\lib\commons-collections-2.1.1.jar;C:\Documents and Settings\Bill\My Documents\My Downloads\hibernate-3.1.3\hibernate-3.1\lib\commons-logging-1.0.4.jar;C:\Documents and Settings\Bill\My Documents\My Downloads\hibernate-3.1.3\hibernate-3.1\lib\concurrent-1.3.2.jar;C:\Documents and Settings\Bill\My Documents\My Downloads\hibernate-3.1.3\hibernate-3.1\lib\connector.jar;C:\Documents and Settings\Bill\My Documents\My Downloads\hibernate-3.1.3\hibernate-3.1\lib\dom4j-1.6.1.jar;C:\Documents and Settings\Bill\My Documents\My Downloads\hibernate-3.1.3\hibernate-3.1\lib\ehcache-1.1.jar;C:\Documents and Settings\Bill\My Documents\My Downloads\hibernate-3.1.3\hibernate-3.1\lib\jaas.jar;C:\Documents and Settings\Bill\My Documents\My Downloads\hibernate-3.1.3\hibernate-3.1\lib\jacc-1_0-fr.jar;C:\Documents and Settings\Bill\My Documents\My Downloads\hibernate-3.1.3\hibernate-3.1\lib\jaxen-1.1-beta-7.jar;C:\Documents and Settings\Bill\My Documents\My Downloads\hibernate-3.1.3\hibernate-3.1\lib\jboss-cache.jar;C:\Documents and Settings\Bill\My Documents\My Downloads\hibernate-3.1.3\hibernate-3.1\lib\jboss-common.jar;C:\Documents and Settings\Bill\My Documents\My Downloads\hibernate-3.1.3\hibernate-3.1\lib\jboss-jmx.jar;C:\Documents and Settings\Bill\My Documents\My Downloads\hibernate-3.1.3\hibernate-3.1\lib\jboss-system.jar;C:\Documents and Settings\Bill\My Documents\My Downloads\hibernate-3.1.3\hibernate-3.1\lib\jdbc2_0-stdext.jar;C:\Documents and Settings\Bill\My Documents\My Downloads\hibernate-3.1.3\hibernate-3.1\lib\jgroups-2.2.8.jar;C:\Documents and Settings\Bill\My Documents\My Downloads\hibernate-3.1.3\hibernate-3.1\lib\jta.jar;C:\Documents and Settings\Bill\My Documents\My Downloads\hibernate-3.1.3\hibernate-3.1\lib\junit-3.8.1.jar;C:\Documents and Settings\Bill\My Documents\My Downloads\hibernate-3.1.3\hibernate-3.1\lib\log4j-1.2.11.jar;C:\Documents and Settings\Bill\My Documents\My Downloads\hibernate-3.1.3\hibernate-3.1\lib\oscache-2.1.jar;C:\Documents and Settings\Bill\My Documents\My Downloads\hibernate-3.1.3\hibernate-3.1\lib\proxool-0.8.3.jar;C:\Documents and Settings\Bill\My Documents\My Downloads\hibernate-3.1.3\hibernate-3.1\lib\swarmcache-1.0rc2.jar;C:\Documents and Settings\Bill\My Documents\My Downloads\hibernate-3.1.3\hibernate-3.1\lib\syndiag2.jar;C:\Documents and Settings\Bill\My Documents\My Downloads\hibernate-3.1.3\hibernate-3.1\lib\versioncheck.jar;C:\Documents and Settings\Bill\My Documents\My Downloads\hibernate-3.1.3\hibernate-3.1\lib\xerces-2.6.2.jar;C:\Documents and Settings\Bill\My Documents\My Downloads\hibernate-3.1.3\hibernate-3.1\lib\xml-apis.jar;C:\Documents and Settings\Bill\My Documents\My Downloads\hibernate-3.1.3\hibernate-3.1\lib\ant-antlr-1.6.5.jar;C:\Documents and Settings\Bill\My Documents\My Downloads\hibernate-3.1.3\hibernate-3.1\lib\antlr-2.7.6rc1.jar;C:\development\CashForward\CashForwardPersistence\build\classes;C:\Program Files\NetBeans 6.1\java2\modules\ext\junit-4.1.jar;C:\development\CashForward\CashForwardPersistence\build\test\classes;C:\development\CashForward\CashForwardPersistence;C:\Program Files\Java\jre6\lib\ext\QTJava.zip;C:\Program Files\NetBeans 6.1\java2\ant\lib\ant-launcher.jar;C:\Program Files\NetBeans 6.1\java2\ant\lib\ant.jar;C:\Program Files\NetBeans 6.1\java2\ant\lib\ant-junit.jar" />
    <property name="javax.xml.parsers.SAXParserFactory" value="org.netbeans.core.startup.SAXFactoryImpl" />
    <property name="platforms.Java_HotSpot_TM__Client_VM_1.5.0_04-b05.bootclasspath" value="C:\Program Files\Java\jdk1.5.0_04\jre\lib\rt.jar;C:\Program Files\Java\jdk1.5.0_04\jre\lib\i18n.jar;C:\Program Files\Java\jdk1.5.0_04\jre\lib\sunrsasign.jar;C:\Program Files\Java\jdk1.5.0_04\jre\lib\jsse.jar;C:\Program Files\Java\jdk1.5.0_04\jre\lib\jce.jar;C:\Program Files\Java\jdk1.5.0_04\jre\lib\charsets.jar;C:\Program Files\Java\jdk1.5.0_04\jre\classes;C:\Program Files\Java\jdk1.5.0_04\jre\lib\ext\dnsns.jar;C:\Program Files\Java\jdk1.5.0_04\jre\lib\ext\j3dcore.jar;C:\Program Files\Java\jdk1.5.0_04\jre\lib\ext\j3dutils.jar;C:\Program Files\Java\jdk1.5.0_04\jre\lib\ext\localedata.jar;C:\Program Files\Java\jdk1.5.0_04\jre\lib\ext\sunjce_provider.jar;C:\Program Files\Java\jdk1.5.0_04\jre\lib\ext\sunpkcs11.jar;C:\Program Files\Java\jdk1.5.0_04\jre\lib\ext\vecmath.jar" />
    <property name="os.arch" value="x86" />
    <property name="javac.deprecation" value="false" />
    <property name="libs.JNA.classpath" value="C:\development\jna\examples.jar;C:\development\jna\jna.jar;C:\development\jna\win32-x86.jar" />
    <property name="nbplatform.default.netbeans.dest.dir" value="C:\Program Files\NetBeans 6.1" />
    <property name="libs.AnimatedTransitions.classpath" value="C:\development\AnimatedTransitions-0.11.jar" />
    <property name="build.classes.excludes" value="**/*.java,**/*.form" />
    <property name="dist.dir" value="dist" />
    <property name="netbeans.user" value="C:\Documents and Settings\Bill\.netbeans\6.1" />
    <property name="debug.classpath" value="C:\Program Files\H2\bin\h2.jar:C:\Documents and Settings\Bill\My Documents\My Downloads\hibernate-entitymanager-3.2.0.CR2\hibernate-entitymanager.jar;C:\Documents and Settings\Bill\My Documents\My Downloads\hibernate-entitymanager-3.2.0.CR2\lib\ejb3-persistence.jar;C:\Documents and Settings\Bill\My Documents\My Downloads\hibernate-entitymanager-3.2.0.CR2\lib\hibernate-annotations.jar;C:\Documents and Settings\Bill\My Documents\My Downloads\hibernate-entitymanager-3.2.0.CR2\lib\javassist.jar;C:\Documents and Settings\Bill\My Documents\My Downloads\hibernate-entitymanager-3.2.0.CR2\lib\jboss-archive-browsing.jar;C:\Documents and Settings\Bill\My Documents\My Downloads\hibernate-3.1.3\hibernate-3.1\hibernate3.jar;C:\Documents and Settings\Bill\My Documents\My Downloads\hibernate-3.1.3\hibernate-3.1\lib\asm-attrs.jar;C:\Documents and Settings\Bill\My Documents\My Downloads\hibernate-3.1.3\hibernate-3.1\lib\asm.jar;C:\Documents and Settings\Bill\My Documents\My Downloads\hibernate-3.1.3\hibernate-3.1\lib\c3p0-0.9.0.jar;C:\Documents and Settings\Bill\My Documents\My Downloads\hibernate-3.1.3\hibernate-3.1\lib\cglib-2.1.3.jar;C:\Documents and Settings\Bill\My Documents\My Downloads\hibernate-3.1.3\hibernate-3.1\lib\cleanimports.jar;C:\Documents and Settings\Bill\My Documents\My Downloads\hibernate-3.1.3\hibernate-3.1\lib\commons-collections-2.1.1.jar;C:\Documents and Settings\Bill\My Documents\My Downloads\hibernate-3.1.3\hibernate-3.1\lib\commons-logging-1.0.4.jar;C:\Documents and Settings\Bill\My Documents\My Downloads\hibernate-3.1.3\hibernate-3.1\lib\concurrent-1.3.2.jar;C:\Documents and Settings\Bill\My Documents\My Downloads\hibernate-3.1.3\hibernate-3.1\lib\connector.jar;C:\Documents and Settings\Bill\My Documents\My Downloads\hibernate-3.1.3\hibernate-3.1\lib\dom4j-1.6.1.jar;C:\Documents and Settings\Bill\My Documents\My Downloads\hibernate-3.1.3\hibernate-3.1\lib\ehcache-1.1.jar;C:\Documents and Settings\Bill\My Documents\My Downloads\hibernate-3.1.3\hibernate-3.1\lib\jaas.jar;C:\Documents and Settings\Bill\My Documents\My Downloads\hibernate-3.1.3\hibernate-3.1\lib\jacc-1_0-fr.jar;C:\Documents and Settings\Bill\My Documents\My Downloads\hibernate-3.1.3\hibernate-3.1\lib\jaxen-1.1-beta-7.jar;C:\Documents and Settings\Bill\My Documents\My Downloads\hibernate-3.1.3\hibernate-3.1\lib\jboss-cache.jar;C:\Documents and Settings\Bill\My Documents\My Downloads\hibernate-3.1.3\hibernate-3.1\lib\jboss-common.jar;C:\Documents and Settings\Bill\My Documents\My Downloads\hibernate-3.1.3\hibernate-3.1\lib\jboss-jmx.jar;C:\Documents and Settings\Bill\My Documents\My Downloads\hibernate-3.1.3\hibernate-3.1\lib\jboss-system.jar;C:\Documents and Settings\Bill\My Documents\My Downloads\hibernate-3.1.3\hibernate-3.1\lib\jdbc2_0-stdext.jar;C:\Documents and Settings\Bill\My Documents\My Downloads\hibernate-3.1.3\hibernate-3.1\lib\jgroups-2.2.8.jar;C:\Documents and Settings\Bill\My Documents\My Downloads\hibernate-3.1.3\hibernate-3.1\lib\jta.jar;C:\Documents and Settings\Bill\My Documents\My Downloads\hibernate-3.1.3\hibernate-3.1\lib\junit-3.8.1.jar;C:\Documents and Settings\Bill\My Documents\My Downloads\hibernate-3.1.3\hibernate-3.1\lib\log4j-1.2.11.jar;C:\Documents and Settings\Bill\My Documents\My Downloads\hibernate-3.1.3\hibernate-3.1\lib\oscache-2.1.jar;C:\Documents and Settings\Bill\My Documents\My Downloads\hibernate-3.1.3\hibernate-3.1\lib\proxool-0.8.3.jar;C:\Documents and Settings\Bill\My Documents\My Downloads\hibernate-3.1.3\hibernate-3.1\lib\swarmcache-1.0rc2.jar;C:\Documents and Settings\Bill\My Documents\My Downloads\hibernate-3.1.3\hibernate-3.1\lib\syndiag2.jar;C:\Documents and Settings\Bill\My Documents\My Downloads\hibernate-3.1.3\hibernate-3.1\lib\versioncheck.jar;C:\Documents and Settings\Bill\My Documents\My Downloads\hibernate-3.1.3\hibernate-3.1\lib\xerces-2.6.2.jar;C:\Documents and Settings\Bill\My Documents\My Downloads\hibernate-3.1.3\hibernate-3.1\lib\xml-apis.jar;C:\Documents and Settings\Bill\My Documents\My Downloads\hibernate-3.1.3\hibernate-3.1\lib\ant-antlr-1.6.5.jar;C:\Documents and Settings\Bill\My Documents\My Downloads\hibernate-3.1.3\hibernate-3.1\lib\antlr-2.7.6rc1.jar:build/classes" />
    <property name="sun.java.launcher" value="SUN_STANDARD" />
    <property name="ant.core.lib" value="C:\Program Files\NetBeans 6.1\java2\ant\lib\ant.jar" />
    <property name="java.vm.specification.vendor" value="Sun Microsystems Inc." />
    <property name="do.depend" value="false" />
    <property name="file.separator" value="\" />
    <property name="java.runtime.version" value="1.6.0_01-b06" />
    <property name="sun.boot.class.path" value="C:\Program Files\Java\jdk1.6.0_01\jre\lib\resources.jar;C:\Program Files\Java\jdk1.6.0_01\jre\lib\rt.jar;C:\Program Files\Java\jdk1.6.0_01\jre\lib\sunrsasign.jar;C:\Program Files\Java\jdk1.6.0_01\jre\lib\jsse.jar;C:\Program Files\Java\jdk1.6.0_01\jre\lib\jce.jar;C:\Program Files\Java\jdk1.6.0_01\jre\lib\charsets.jar;C:\Program Files\Java\jdk1.6.0_01\jre\classes" />
    <property name="debug.test.classpath" value="C:\Program Files\H2\bin\h2.jar:C:\Documents and Settings\Bill\My Documents\My Downloads\hibernate-entitymanager-3.2.0.CR2\hibernate-entitymanager.jar;C:\Documents and Settings\Bill\My Documents\My Downloads\hibernate-entitymanager-3.2.0.CR2\lib\ejb3-persistence.jar;C:\Documents and Settings\Bill\My Documents\My Downloads\hibernate-entitymanager-3.2.0.CR2\lib\hibernate-annotations.jar;C:\Documents and Settings\Bill\My Documents\My Downloads\hibernate-entitymanager-3.2.0.CR2\lib\javassist.jar;C:\Documents and Settings\Bill\My Documents\My Downloads\hibernate-entitymanager-3.2.0.CR2\lib\jboss-archive-browsing.jar;C:\Documents and Settings\Bill\My Documents\My Downloads\hibernate-3.1.3\hibernate-3.1\hibernate3.jar;C:\Documents and Settings\Bill\My Documents\My Downloads\hibernate-3.1.3\hibernate-3.1\lib\asm-attrs.jar;C:\Documents and Settings\Bill\My Documents\My Downloads\hibernate-3.1.3\hibernate-3.1\lib\asm.jar;C:\Documents and Settings\Bill\My Documents\My Downloads\hibernate-3.1.3\hibernate-3.1\lib\c3p0-0.9.0.jar;C:\Documents and Settings\Bill\My Documents\My Downloads\hibernate-3.1.3\hibernate-3.1\lib\cglib-2.1.3.jar;C:\Documents and Settings\Bill\My Documents\My Downloads\hibernate-3.1.3\hibernate-3.1\lib\cleanimports.jar;C:\Documents and Settings\Bill\My Documents\My Downloads\hibernate-3.1.3\hibernate-3.1\lib\commons-collections-2.1.1.jar;C:\Documents and Settings\Bill\My Documents\My Downloads\hibernate-3.1.3\hibernate-3.1\lib\commons-logging-1.0.4.jar;C:\Documents and Settings\Bill\My Documents\My Downloads\hibernate-3.1.3\hibernate-3.1\lib\concurrent-1.3.2.jar;C:\Documents and Settings\Bill\My Documents\My Downloads\hibernate-3.1.3\hibernate-3.1\lib\connector.jar;C:\Documents and Settings\Bill\My Documents\My Downloads\hibernate-3.1.3\hibernate-3.1\lib\dom4j-1.6.1.jar;C:\Documents and Settings\Bill\My Documents\My Downloads\hibernate-3.1.3\hibernate-3.1\lib\ehcache-1.1.jar;C:\Documents and Settings\Bill\My Documents\My Downloads\hibernate-3.1.3\hibernate-3.1\lib\jaas.jar;C:\Documents and Settings\Bill\My Documents\My Downloads\hibernate-3.1.3\hibernate-3.1\lib\jacc-1_0-fr.jar;C:\Documents and Settings\Bill\My Documents\My Downloads\hibernate-3.1.3\hibernate-3.1\lib\jaxen-1.1-beta-7.jar;C:\Documents and Settings\Bill\My Documents\My Downloads\hibernate-3.1.3\hibernate-3.1\lib\jboss-cache.jar;C:\Documents and Settings\Bill\My Documents\My Downloads\hibernate-3.1.3\hibernate-3.1\lib\jboss-common.jar;C:\Documents and Settings\Bill\My Documents\My Downloads\hibernate-3.1.3\hibernate-3.1\lib\jboss-jmx.jar;C:\Documents and Settings\Bill\My Documents\My Downloads\hibernate-3.1.3\hibernate-3.1\lib\jboss-system.jar;C:\Documents and Settings\Bill\My Documents\My Downloads\hibernate-3.1.3\hibernate-3.1\lib\jdbc2_0-stdext.jar;C:\Documents and Settings\Bill\My Documents\My Downloads\hibernate-3.1.3\hibernate-3.1\lib\jgroups-2.2.8.jar;C:\Documents and Settings\Bill\My Documents\My Downloads\hibernate-3.1.3\hibernate-3.1\lib\jta.jar;C:\Documents and Settings\Bill\My Documents\My Downloads\hibernate-3.1.3\hibernate-3.1\lib\junit-3.8.1.jar;C:\Documents and Settings\Bill\My Documents\My Downloads\hibernate-3.1.3\hibernate-3.1\lib\log4j-1.2.11.jar;C:\Documents and Settings\Bill\My Documents\My Downloads\hibernate-3.1.3\hibernate-3.1\lib\oscache-2.1.jar;C:\Documents and Settings\Bill\My Documents\My Downloads\hibernate-3.1.3\hibernate-3.1\lib\proxool-0.8.3.jar;C:\Documents and Settings\Bill\My Documents\My Downloads\hibernate-3.1.3\hibernate-3.1\lib\swarmcache-1.0rc2.jar;C:\Documents and Settings\Bill\My Documents\My Downloads\hibernate-3.1.3\hibernate-3.1\lib\syndiag2.jar;C:\Documents and Settings\Bill\My Documents\My Downloads\hibernate-3.1.3\hibernate-3.1\lib\versioncheck.jar;C:\Documents and Settings\Bill\My Documents\My Downloads\hibernate-3.1.3\hibernate-3.1\lib\xerces-2.6.2.jar;C:\Documents and Settings\Bill\My Documents\My Downloads\hibernate-3.1.3\hibernate-3.1\lib\xml-apis.jar;C:\Documents and Settings\Bill\My Documents\My Downloads\hibernate-3.1.3\hibernate-3.1\lib\ant-antlr-1.6.5.jar;C:\Documents and Settings\Bill\My Documents\My Downloads\hibernate-3.1.3\hibernate-3.1\lib\antlr-2.7.6rc1.jar:build/classes:C:\Program Files\NetBeans 6.1\java2\modules\ext\junit-4.1.jar:build/test/classes" />
    <property name="libs.CommonsLogging.src" value="" />
    <property name="libs.beans-binding.classpath" value="C:\Program Files\NetBeans 6.1\java2\modules\ext\beansbinding-1.2.1.jar" />
    <property name="have.tests" value="true" />
    <property name="main.class" value="cashfxpersistence.PersistenceManager" />
    <property name="test.includes" value="org/cashforward/persistence/PaymentCalculationTest.java" />
    <property name="java.util.logging.config.class" value="org.netbeans.core.startup.TopLogging" />
    <property name="libs.HibernateEntityManager.src" value="" />
    <property name="libs.Groovy.javadoc" value="" />
    <property name="libs.javac-api.classpath" value="C:\Program Files\NetBeans 6.1\java2\modules\ext\javac-api-nb-7.0-b07.jar" />
    <property name="user.country" value="US" />
    <property name="javadoc.notree" value="false" />
    <property name="libs.jaxws21.javadoc" value="C:\Program Files\NetBeans 6.1\java2\docs\jaxws-2_1-api-doc.zip" />
    <property name="default.javac.target" value="1.6" />
    <property name="javadoc.additionalparam" value="" />
    <property name="javac.classpath" value="C:\Program Files\H2\bin\h2.jar:C:\Documents and Settings\Bill\My Documents\My Downloads\hibernate-entitymanager-3.2.0.CR2\hibernate-entitymanager.jar;C:\Documents and Settings\Bill\My Documents\My Downloads\hibernate-entitymanager-3.2.0.CR2\lib\ejb3-persistence.jar;C:\Documents and Settings\Bill\My Documents\My Downloads\hibernate-entitymanager-3.2.0.CR2\lib\hibernate-annotations.jar;C:\Documents and Settings\Bill\My Documents\My Downloads\hibernate-entitymanager-3.2.0.CR2\lib\javassist.jar;C:\Documents and Settings\Bill\My Documents\My Downloads\hibernate-entitymanager-3.2.0.CR2\lib\jboss-archive-browsing.jar;C:\Documents and Settings\Bill\My Documents\My Downloads\hibernate-3.1.3\hibernate-3.1\hibernate3.jar;C:\Documents and Settings\Bill\My Documents\My Downloads\hibernate-3.1.3\hibernate-3.1\lib\asm-attrs.jar;C:\Documents and Settings\Bill\My Documents\My Downloads\hibernate-3.1.3\hibernate-3.1\lib\asm.jar;C:\Documents and Settings\Bill\My Documents\My Downloads\hibernate-3.1.3\hibernate-3.1\lib\c3p0-0.9.0.jar;C:\Documents and Settings\Bill\My Documents\My Downloads\hibernate-3.1.3\hibernate-3.1\lib\cglib-2.1.3.jar;C:\Documents and Settings\Bill\My Documents\My Downloads\hibernate-3.1.3\hibernate-3.1\lib\cleanimports.jar;C:\Documents and Settings\Bill\My Documents\My Downloads\hibernate-3.1.3\hibernate-3.1\lib\commons-collections-2.1.1.jar;C:\Documents and Settings\Bill\My Documents\My Downloads\hibernate-3.1.3\hibernate-3.1\lib\commons-logging-1.0.4.jar;C:\Documents and Settings\Bill\My Documents\My Downloads\hibernate-3.1.3\hibernate-3.1\lib\concurrent-1.3.2.jar;C:\Documents and Settings\Bill\My Documents\My Downloads\hibernate-3.1.3\hibernate-3.1\lib\connector.jar;C:\Documents and Settings\Bill\My Documents\My Downloads\hibernate-3.1.3\hibernate-3.1\lib\dom4j-1.6.1.jar;C:\Documents and Settings\Bill\My Documents\My Downloads\hibernate-3.1.3\hibernate-3.1\lib\ehcache-1.1.jar;C:\Documents and Settings\Bill\My Documents\My Downloads\hibernate-3.1.3\hibernate-3.1\lib\jaas.jar;C:\Documents and Settings\Bill\My Documents\My Downloads\hibernate-3.1.3\hibernate-3.1\lib\jacc-1_0-fr.jar;C:\Documents and Settings\Bill\My Documents\My Downloads\hibernate-3.1.3\hibernate-3.1\lib\jaxen-1.1-beta-7.jar;C:\Documents and Settings\Bill\My Documents\My Downloads\hibernate-3.1.3\hibernate-3.1\lib\jboss-cache.jar;C:\Documents and Settings\Bill\My Documents\My Downloads\hibernate-3.1.3\hibernate-3.1\lib\jboss-common.jar;C:\Documents and Settings\Bill\My Documents\My Downloads\hibernate-3.1.3\hibernate-3.1\lib\jboss-jmx.jar;C:\Documents and Settings\Bill\My Documents\My Downloads\hibernate-3.1.3\hibernate-3.1\lib\jboss-system.jar;C:\Documents and Settings\Bill\My Documents\My Downloads\hibernate-3.1.3\hibernate-3.1\lib\jdbc2_0-stdext.jar;C:\Documents and Settings\Bill\My Documents\My Downloads\hibernate-3.1.3\hibernate-3.1\lib\jgroups-2.2.8.jar;C:\Documents and Settings\Bill\My Documents\My Downloads\hibernate-3.1.3\hibernate-3.1\lib\jta.jar;C:\Documents and Settings\Bill\My Documents\My Downloads\hibernate-3.1.3\hibernate-3.1\lib\junit-3.8.1.jar;C:\Documents and Settings\Bill\My Documents\My Downloads\hibernate-3.1.3\hibernate-3.1\lib\log4j-1.2.11.jar;C:\Documents and Settings\Bill\My Documents\My Downloads\hibernate-3.1.3\hibernate-3.1\lib\oscache-2.1.jar;C:\Documents and Settings\Bill\My Documents\My Downloads\hibernate-3.1.3\hibernate-3.1\lib\proxool-0.8.3.jar;C:\Documents and Settings\Bill\My Documents\My Downloads\hibernate-3.1.3\hibernate-3.1\lib\swarmcache-1.0rc2.jar;C:\Documents and Settings\Bill\My Documents\My Downloads\hibernate-3.1.3\hibernate-3.1\lib\syndiag2.jar;C:\Documents and Settings\Bill\My Documents\My Downloads\hibernate-3.1.3\hibernate-3.1\lib\versioncheck.jar;C:\Documents and Settings\Bill\My Documents\My Downloads\hibernate-3.1.3\hibernate-3.1\lib\xerces-2.6.2.jar;C:\Documents and Settings\Bill\My Documents\My Downloads\hibernate-3.1.3\hibernate-3.1\lib\xml-apis.jar;C:\Documents and Settings\Bill\My Documents\My Downloads\hibernate-3.1.3\hibernate-3.1\lib\ant-antlr-1.6.5.jar;C:\Documents and Settings\Bill\My Documents\My Downloads\hibernate-3.1.3\hibernate-3.1\lib\antlr-2.7.6rc1.jar" />
    <property name="build.classes.dir" value="build/classes" />
    <property name="libs.swing-layout.src" value="C:\Program Files\NetBeans 6.1\platform8\docs\swing-layout-1.0.3-src.zip" />
    <property name="libs.swing-layout.javadoc" value="C:\Program Files\NetBeans 6.1\platform8\docs\swing-layout-1.0.3-doc.zip" />
    <property name="java.vendor" value="Sun Microsystems Inc." />
    <property name="javac.target" value="1.5" />
    <property name="libs.HibernateEntityManager.classpath" value="C:\Documents and Settings\Bill\My Documents\My Downloads\hibernate-entitymanager-3.2.0.CR2\hibernate-entitymanager.jar;C:\Documents and Settings\Bill\My Documents\My Downloads\hibernate-entitymanager-3.2.0.CR2\lib\ejb3-persistence.jar;C:\Documents and Settings\Bill\My Documents\My Downloads\hibernate-entitymanager-3.2.0.CR2\lib\hibernate-annotations.jar;C:\Documents and Settings\Bill\My Documents\My Downloads\hibernate-entitymanager-3.2.0.CR2\lib\javassist.jar;C:\Documents and Settings\Bill\My Documents\My Downloads\hibernate-entitymanager-3.2.0.CR2\lib\jboss-archive-browsing.jar;C:\Documents and Settings\Bill\My Documents\My Downloads\hibernate-3.1.3\hibernate-3.1\hibernate3.jar;C:\Documents and Settings\Bill\My Documents\My Downloads\hibernate-3.1.3\hibernate-3.1\lib\asm-attrs.jar;C:\Documents and Settings\Bill\My Documents\My Downloads\hibernate-3.1.3\hibernate-3.1\lib\asm.jar;C:\Documents and Settings\Bill\My Documents\My Downloads\hibernate-3.1.3\hibernate-3.1\lib\c3p0-0.9.0.jar;C:\Documents and Settings\Bill\My Documents\My Downloads\hibernate-3.1.3\hibernate-3.1\lib\cglib-2.1.3.jar;C:\Documents and Settings\Bill\My Documents\My Downloads\hibernate-3.1.3\hibernate-3.1\lib\cleanimports.jar;C:\Documents and Settings\Bill\My Documents\My Downloads\hibernate-3.1.3\hibernate-3.1\lib\commons-collections-2.1.1.jar;C:\Documents and Settings\Bill\My Documents\My Downloads\hibernate-3.1.3\hibernate-3.1\lib\commons-logging-1.0.4.jar;C:\Documents and Settings\Bill\My Documents\My Downloads\hibernate-3.1.3\hibernate-3.1\lib\concurrent-1.3.2.jar;C:\Documents and Settings\Bill\My Documents\My Downloads\hibernate-3.1.3\hibernate-3.1\lib\connector.jar;C:\Documents and Settings\Bill\My Documents\My Downloads\hibernate-3.1.3\hibernate-3.1\lib\dom4j-1.6.1.jar;C:\Documents and Settings\Bill\My Documents\My Downloads\hibernate-3.1.3\hibernate-3.1\lib\ehcache-1.1.jar;C:\Documents and Settings\Bill\My Documents\My Downloads\hibernate-3.1.3\hibernate-3.1\lib\jaas.jar;C:\Documents and Settings\Bill\My Documents\My Downloads\hibernate-3.1.3\hibernate-3.1\lib\jacc-1_0-fr.jar;C:\Documents and Settings\Bill\My Documents\My Downloads\hibernate-3.1.3\hibernate-3.1\lib\jaxen-1.1-beta-7.jar;C:\Documents and Settings\Bill\My Documents\My Downloads\hibernate-3.1.3\hibernate-3.1\lib\jboss-cache.jar;C:\Documents and Settings\Bill\My Documents\My Downloads\hibernate-3.1.3\hibernate-3.1\lib\jboss-common.jar;C:\Documents and Settings\Bill\My Documents\My Downloads\hibernate-3.1.3\hibernate-3.1\lib\jboss-jmx.jar;C:\Documents and Settings\Bill\My Documents\My Downloads\hibernate-3.1.3\hibernate-3.1\lib\jboss-system.jar;C:\Documents and Settings\Bill\My Documents\My Downloads\hibernate-3.1.3\hibernate-3.1\lib\jdbc2_0-stdext.jar;C:\Documents and Settings\Bill\My Documents\My Downloads\hibernate-3.1.3\hibernate-3.1\lib\jgroups-2.2.8.jar;C:\Documents and Settings\Bill\My Documents\My Downloads\hibernate-3.1.3\hibernate-3.1\lib\jta.jar;C:\Documents and Settings\Bill\My Documents\My Downloads\hibernate-3.1.3\hibernate-3.1\lib\junit-3.8.1.jar;C:\Documents and Settings\Bill\My Documents\My Downloads\hibernate-3.1.3\hibernate-3.1\lib\log4j-1.2.11.jar;C:\Documents and Settings\Bill\My Documents\My Downloads\hibernate-3.1.3\hibernate-3.1\lib\oscache-2.1.jar;C:\Documents and Settings\Bill\My Documents\My Downloads\hibernate-3.1.3\hibernate-3.1\lib\proxool-0.8.3.jar;C:\Documents and Settings\Bill\My Documents\My Downloads\hibernate-3.1.3\hibernate-3.1\lib\swarmcache-1.0rc2.jar;C:\Documents and Settings\Bill\My Documents\My Downloads\hibernate-3.1.3\hibernate-3.1\lib\syndiag2.jar;C:\Documents and Settings\Bill\My Documents\My Downloads\hibernate-3.1.3\hibernate-3.1\lib\versioncheck.jar;C:\Documents and Settings\Bill\My Documents\My Downloads\hibernate-3.1.3\hibernate-3.1\lib\xerces-2.6.2.jar;C:\Documents and Settings\Bill\My Documents\My Downloads\hibernate-3.1.3\hibernate-3.1\lib\xml-apis.jar;C:\Documents and Settings\Bill\My Documents\My Downloads\hibernate-3.1.3\hibernate-3.1\lib\ant-antlr-1.6.5.jar;C:\Documents and Settings\Bill\My Documents\My Downloads\hibernate-3.1.3\hibernate-3.1\lib\antlr-2.7.6rc1.jar" />
    <property name="libs.JFreeChart.javadoc" value="" />
    <property name="libs.swing-app-framework.src" value="" />
    <property name="java.specification.version" value="1.6" />
    <property name="libs.JFreeChart.maven-pom" value="" />
    <property name="sun.arch.data.model" value="32" />
  </properties>
  <testcase classname="org.cashforward.persistence.PaymentCalculationTest" name="testPaymentConsolidation" time="0.453" />
  <system-out><![CDATA[21:29:48,875  INFO Version:15 - Hibernate EntityManager 3.2.0.CR2
21:29:48,937  INFO Version:15 - Hibernate Annotations 3.2.0.CR2
21:29:48,968  INFO Environment:500 - Hibernate 3.2 cr4
21:29:48,984  INFO Environment:533 - hibernate.properties not found
21:29:48,984  INFO Environment:667 - Bytecode provider name : cglib
21:29:48,984  INFO Environment:584 - using JDK 1.4 java.sql.Timestamp handling
21:29:49,203 DEBUG Ejb3Configuration:192 - Look up for persistence unit: CashFXPersistenceTest
21:29:49,328 DEBUG Ejb3Configuration:204 - Analyse of persistence.xml: file:/C:/development/CashForward/CashForwardPersistence/build/classes/META-INF/persistence.xml
21:29:50,078 DEBUG PersistenceXmlLoader:115 - Persistent Unit name from persistence.xml: CashFXPersistence
21:29:50,093 DEBUG PersistenceXmlLoader:115 - Persistent Unit name from persistence.xml: CashFXPersistenceTest
21:29:50,093 DEBUG Ejb3Configuration:211 - PersistenceMetadata [
	name: CashFXPersistence
	jtaDataSource: null
	nonJtaDataSource: null
	transactionType: RESOURCE_LOCAL
	provider: org.hibernate.ejb.HibernatePersistence
	classes[
		org.cashforward.PaymentOverride		org.cashforward.Label		org.cashforward.Payment		org.cashforward.Payee	]
	packages[
	]
	mappingFiles[
	]
	jarFiles[
	]
	hbmfiles: 0
	properties[
		hibernate.connection.username: sa
		hibernate.connection.password: 
		hibernate.dialect: org.hibernate.dialect.H2Dialect
		hibernate.show_sql: true
		hibernate.connection.url: jdbc:h2:cashflow;FILE_LOCK=NO
		hibernate.connection.driver_class: org.h2.Driver
		hibernate.hbm2ddl.auto: update
	]]
21:29:50,125 DEBUG Ejb3Configuration:519 - Detect class: true; detect hbm: true
21:29:50,156 DEBUG JarVisitor:192 - Searching mapped entities in jar/par: file:/C:/development/CashForward/CashForwardPersistence/build/classes
21:29:50,156 DEBUG Ejb3Configuration:211 - PersistenceMetadata [
	name: CashFXPersistenceTest
	jtaDataSource: null
	nonJtaDataSource: null
	transactionType: RESOURCE_LOCAL
	provider: org.hibernate.ejb.HibernatePersistence
	classes[
		org.cashforward.PaymentOverride		org.cashforward.Label		org.cashforward.Payment		org.cashforward.Payee	]
	packages[
	]
	mappingFiles[
	]
	jarFiles[
	]
	hbmfiles: 0
	properties[
		hibernate.connection.username: sa
		hibernate.connection.password: 
		hibernate.dialect: org.hibernate.dialect.H2Dialect
		hibernate.show_sql: true
		hibernate.connection.url: jdbc:h2:cashflow_test;FILE_LOCK=NO
		hibernate.connection.driver_class: org.h2.Driver
		hibernate.hbm2ddl.auto: create-drop
	]]
21:29:50,171 DEBUG Ejb3Configuration:519 - Detect class: true; detect hbm: true
21:29:50,171 DEBUG JarVisitor:192 - Searching mapped entities in jar/par: file:/C:/development/CashForward/CashForwardPersistence/build/classes
21:29:50,250 DEBUG JarVisitor:232 - Filtering: org.cashforward.Label
21:29:50,375 DEBUG JarVisitor:272 - Java element filter matched for org.cashforward.Label
21:29:50,375 DEBUG JarVisitor:232 - Filtering: org.cashforward.Payee
21:29:50,390 DEBUG JarVisitor:272 - Java element filter matched for org.cashforward.Payee
21:29:50,406 DEBUG JarVisitor:232 - Filtering: org.cashforward.Payment
21:29:50,421 DEBUG JarVisitor:272 - Java element filter matched for org.cashforward.Payment
21:29:50,421 DEBUG JarVisitor:232 - Filtering: org.cashforward.PaymentOverride
21:29:50,421 DEBUG JarVisitor:272 - Java element filter matched for org.cashforward.PaymentOverride
21:29:50,437 DEBUG JarVisitor:232 - Filtering: org.cashforward.persistence.PersistenceManager
21:29:50,453 DEBUG JarVisitor:232 - Filtering: org.cashforward.persistence.PersistenceService
21:29:50,484 DEBUG Ejb3Configuration:519 - Detect class: true; detect hbm: true
21:29:50,484 DEBUG Ejb3Configuration:149 - Creating Factory: CashFXPersistenceTest
21:29:50,781  INFO AnnotationBinder:387 - Binding entity from annotated class: org.cashforward.PaymentOverride
21:29:50,859  INFO EntityBinder:340 - Bind entity org.cashforward.PaymentOverride on table PAYMENT_OVERRIDE
21:29:50,968  INFO AnnotationBinder:387 - Binding entity from annotated class: org.cashforward.Label
21:29:50,968  INFO QueryBinder:64 - Binding Named query: Label.findById => SELECT l FROM Label l WHERE l.id = :id
21:29:50,984  INFO QueryBinder:64 - Binding Named query: Label.findByName => SELECT l FROM Label l WHERE l.name = :name
21:29:50,984  INFO EntityBinder:340 - Bind entity org.cashforward.Label on table LABEL
21:29:50,984  INFO AnnotationBinder:387 - Binding entity from annotated class: org.cashforward.Payment
21:29:50,984  INFO EntityBinder:340 - Bind entity org.cashforward.Payment on table PAYMENT
21:29:51,078  INFO AnnotationBinder:387 - Binding entity from annotated class: org.cashforward.Payee
21:29:51,078  INFO QueryBinder:64 - Binding Named query: Payee.findById => SELECT p FROM Payee p WHERE p.id = :id
21:29:51,109  INFO QueryBinder:64 - Binding Named query: Payee.findByName => SELECT p FROM Payee p WHERE p.name = :name
21:29:51,109  INFO EntityBinder:340 - Bind entity org.cashforward.Payee on table PAYEE
21:29:51,250  INFO CollectionBinder:594 - Mapping collection: org.cashforward.Payment.overrides -> PAYMENT_OVERRIDE
21:29:51,375 DEBUG NamingHelper:30 - Not Ejb3Configuration to JNDI, no JNDI name configured
21:29:51,421  INFO DriverManagerConnectionProvider:41 - Using Hibernate built-in connection pool (not for production use!)
21:29:51,437  INFO DriverManagerConnectionProvider:42 - Hibernate connection pool size: 20
21:29:51,437  INFO DriverManagerConnectionProvider:45 - autocommit mode: true
21:29:51,468  INFO DriverManagerConnectionProvider:80 - using driver: org.h2.Driver at URL: jdbc:h2:cashflow_test;FILE_LOCK=NO
21:29:51,468  INFO DriverManagerConnectionProvider:86 - connection properties: {user=sa, password=****, autocommit=true, release_mode=auto}
21:29:52,015  INFO SettingsFactory:81 - RDBMS: H2, version: 0.9 (2006-08-12 / Beta)
21:29:52,031  INFO SettingsFactory:82 - JDBC driver: H2 JDBC Driver, version: 0.9 (2006-08-12 / Beta)
21:29:52,093  INFO Dialect:141 - Using dialect: org.hibernate.dialect.H2Dialect
21:29:52,109  INFO TransactionFactoryFactory:34 - Transaction strategy: org.hibernate.transaction.JDBCTransactionFactory
21:29:52,109  INFO TransactionManagerLookupFactory:33 - No TransactionManagerLookup configured (in JTA environment, use of read-write or transactional second-level cache is not recommended)
21:29:52,109  INFO SettingsFactory:134 - Automatic flush during beforeCompletion(): disabled
21:29:52,109  INFO SettingsFactory:138 - Automatic session close at end of transaction: disabled
21:29:52,109  INFO SettingsFactory:145 - JDBC batch size: 15
21:29:52,109  INFO SettingsFactory:148 - JDBC batch updates for versioned data: disabled
21:29:52,125  INFO SettingsFactory:153 - Scrollable result sets: enabled
21:29:52,125  INFO SettingsFactory:161 - JDBC3 getGeneratedKeys(): enabled
21:29:52,125  INFO SettingsFactory:169 - Connection release mode: auto
21:29:52,125  INFO SettingsFactory:196 - Default batch fetch size: 1
21:29:52,125  INFO SettingsFactory:200 - Generate SQL with comments: disabled
21:29:52,125  INFO SettingsFactory:204 - Order SQL updates by primary key: disabled
21:29:52,125  INFO SettingsFactory:369 - Query translator: org.hibernate.hql.ast.ASTQueryTranslatorFactory
21:29:52,125  INFO ASTQueryTranslatorFactory:24 - Using ASTQueryTranslatorFactory
21:29:52,140  INFO SettingsFactory:212 - Query language substitutions: {}
21:29:52,140  INFO SettingsFactory:217 - JPA-QL strict compliance: enabled
21:29:52,140  INFO SettingsFactory:222 - Second-level cache: enabled
21:29:52,140  INFO SettingsFactory:226 - Query cache: disabled
21:29:52,140  INFO SettingsFactory:356 - Cache provider: org.hibernate.cache.NoCacheProvider
21:29:52,140  INFO SettingsFactory:241 - Optimize cache for minimal puts: disabled
21:29:52,140  INFO SettingsFactory:250 - Structured second-level cache entries: disabled
21:29:52,156  INFO SettingsFactory:270 - Echoing all SQL to stdout
21:29:52,156  INFO SettingsFactory:277 - Statistics: disabled
21:29:52,156  INFO SettingsFactory:281 - Deleted entity synthetic identifier rollback: disabled
21:29:52,156  INFO SettingsFactory:296 - Default entity-mode: pojo
21:29:52,265  INFO SessionFactoryImpl:161 - building session factory
21:29:53,046  INFO SessionFactoryObjectFactory:82 - Not binding factory to JNDI, no JNDI name configured
21:29:53,140  INFO SchemaExport:154 - Running hbm2ddl schema export
21:29:53,156 DEBUG SchemaExport:170 - import file not found: /import.sql
21:29:53,156  INFO SchemaExport:179 - exporting generated schema to database
21:29:53,171 DEBUG SchemaExport:303 - alter table PAYMENT drop constraint FKFBE7BDE6712F6354
21:29:53,281 DEBUG SchemaExport:288 - Unsuccessful: alter table PAYMENT drop constraint FKFBE7BDE6712F6354
21:29:53,281 DEBUG SchemaExport:289 - Constraint FKFBE7BDE6712F6354 not found [90057-21]
21:29:53,281 DEBUG SchemaExport:303 - alter table PAYMENT_LABEL drop constraint FK59A9233B7F204F82
21:29:53,281 DEBUG SchemaExport:288 - Unsuccessful: alter table PAYMENT_LABEL drop constraint FK59A9233B7F204F82
21:29:53,281 DEBUG SchemaExport:289 - Constraint FK59A9233B7F204F82 not found [90057-21]
21:29:53,281 DEBUG SchemaExport:303 - alter table PAYMENT_LABEL drop constraint FK59A9233BB6072866
21:29:53,328 DEBUG SchemaExport:288 - Unsuccessful: alter table PAYMENT_LABEL drop constraint FK59A9233BB6072866
21:29:53,328 DEBUG SchemaExport:289 - Constraint FK59A9233BB6072866 not found [90057-21]
21:29:53,328 DEBUG SchemaExport:303 - alter table PAYMENT_OVERRIDE drop constraint FK7E1AC2058AF1C414
21:29:53,328 DEBUG SchemaExport:288 - Unsuccessful: alter table PAYMENT_OVERRIDE drop constraint FK7E1AC2058AF1C414
21:29:53,328 DEBUG SchemaExport:289 - Constraint FK7E1AC2058AF1C414 not found [90057-21]
21:29:53,328 DEBUG SchemaExport:303 - drop table LABEL if exists
21:29:53,359 DEBUG SchemaExport:303 - drop table PAYEE if exists
21:29:53,375 DEBUG SchemaExport:303 - drop table PAYMENT if exists
21:29:53,390 DEBUG SchemaExport:303 - drop table PAYMENT_LABEL if exists
21:29:53,390 DEBUG SchemaExport:303 - drop table PAYMENT_OVERRIDE if exists
21:29:53,421 DEBUG SchemaExport:303 - create table LABEL (ID bigint generated by default as identity, NAME varchar(255) not null, primary key (ID))
21:29:53,421 DEBUG SchemaExport:303 - create table PAYEE (ID bigint generated by default as identity, NAME varchar(255) not null, primary key (ID))
21:29:53,421 DEBUG SchemaExport:303 - create table PAYMENT (ID bigint generated by default as identity, AMOUNT float not null, START_DATE date not null, END_DATE date not null, OCCURENCE varchar(255) not null, payee_ID bigint, primary key (ID))
21:29:53,437 DEBUG SchemaExport:303 - create table PAYMENT_LABEL (LABEL_ID bigint not null, PAYMENT_ID bigint not null)
21:29:53,437 DEBUG SchemaExport:303 - create table PAYMENT_OVERRIDE (ID bigint generated by default as identity, PAYMENT_DATE date not null, AMOUNT float not null, payment_ID bigint, primary key (ID))
21:29:53,437 DEBUG SchemaExport:303 - alter table PAYMENT add constraint FKFBE7BDE6712F6354 foreign key (payee_ID) references PAYEE
21:29:53,437 DEBUG SchemaExport:303 - alter table PAYMENT_LABEL add constraint FK59A9233B7F204F82 foreign key (PAYMENT_ID) references LABEL
21:29:53,453 DEBUG SchemaExport:303 - alter table PAYMENT_LABEL add constraint FK59A9233BB6072866 foreign key (LABEL_ID) references PAYMENT
21:29:53,453 DEBUG SchemaExport:303 - alter table PAYMENT_OVERRIDE add constraint FK7E1AC2058AF1C414 foreign key (payment_ID) references PAYMENT
21:29:53,453  INFO SchemaExport:196 - schema export complete
21:29:54,312 DEBUG SQL:393 - select label0_.ID as ID1_, label0_.NAME as NAME1_ from LABEL label0_ where label0_.NAME=?
Hibernate: select label0_.ID as ID1_, label0_.NAME as NAME1_ from LABEL label0_ where label0_.NAME=?
21:29:54,343 DEBUG StringType:80 - binding 'Dining' to parameter: 1
21:29:54,437 DEBUG SQL:393 - insert into LABEL (ID, NAME) values (null, ?)
Hibernate: insert into LABEL (ID, NAME) values (null, ?)
21:29:54,468 DEBUG StringType:80 - binding 'Dining' to parameter: 1
21:29:54,484 DEBUG SQL:393 - select payee0_.ID as ID3_, payee0_.NAME as NAME3_ from PAYEE payee0_ where payee0_.NAME=?
Hibernate: select payee0_.ID as ID3_, payee0_.NAME as NAME3_ from PAYEE payee0_ where payee0_.NAME=?
21:29:54,484 DEBUG StringType:80 - binding 'Chipotle' to parameter: 1
21:29:54,484 DEBUG SQL:393 - insert into PAYEE (ID, NAME) values (null, ?)
Hibernate: insert into PAYEE (ID, NAME) values (null, ?)
21:29:54,484 DEBUG StringType:80 - binding 'Chipotle' to parameter: 1
21:29:54,515 DEBUG SQL:393 - insert into PAYMENT (ID, payee_ID, AMOUNT, START_DATE, END_DATE, OCCURENCE) values (null, ?, ?, ?, ?, ?)
Hibernate: insert into PAYMENT (ID, payee_ID, AMOUNT, START_DATE, END_DATE, OCCURENCE) values (null, ?, ?, ?, ?, ?)
21:29:54,515 DEBUG LongType:80 - binding '1' to parameter: 1
21:29:54,515 DEBUG FloatType:80 - binding '6.75' to parameter: 2
21:29:54,531 DEBUG DateType:80 - binding '12 May 2008' to parameter: 3
21:29:54,531 DEBUG DateType:80 - binding '12 May 2008' to parameter: 4
21:29:54,531 DEBUG StringType:80 - binding 'ONCE' to parameter: 5
21:29:54,546 DEBUG SQL:393 - insert into PAYMENT_OVERRIDE (ID, payment_ID, PAYMENT_DATE, AMOUNT) values (null, ?, ?, ?)
Hibernate: insert into PAYMENT_OVERRIDE (ID, payment_ID, PAYMENT_DATE, AMOUNT) values (null, ?, ?, ?)
21:29:54,546 DEBUG LongType:80 - binding '1' to parameter: 1
21:29:54,546 DEBUG DateType:80 - binding '12 May 2008' to parameter: 2
21:29:54,546 DEBUG FloatType:80 - binding '5.0' to parameter: 3
21:29:54,562 DEBUG SQL:393 - insert into PAYMENT_LABEL (LABEL_ID, PAYMENT_ID) values (?, ?)
Hibernate: insert into PAYMENT_LABEL (LABEL_ID, PAYMENT_ID) values (?, ?)
21:29:54,578 DEBUG LongType:80 - binding '1' to parameter: 1
21:29:54,578 DEBUG LongType:80 - binding '1' to parameter: 2
Payment was added:1
]]></system-out>
  <system-err><![CDATA[]]></system-err>
</testsuite>
